2022.11.16 13:19:51 INFO  es[][o.e.n.Node] version[7.16.2], pid[38], build[default/tar/2b937c44140b6559905130a8650c64dbd0879cfb/2021-12-18T19:42:46.604893745Z], OS[Linux/5.10.102.1-microsoft-standard-WSL2/amd64], JVM[Eclipse Adoptium/OpenJDK 64-Bit Server VM/11.0.13/11.0.13+8]
2022.11.16 13:19:51 INFO  es[][o.e.n.Node] JVM home [/opt/java/openjdk]
2022.11.16 13:19:51 INFO  es[][o.e.n.Node] JVM arguments [-XX:+UseG1GC, -Djava.io.tmpdir=/opt/sonarqube/temp, -XX:ErrorFile=../logs/es_hs_err_pid%p.log, -Des.networkaddress.cache.ttl=60, -Des.networkaddress.cache.negative.ttl=10, -XX:+AlwaysPreTouch, -Xss1m, -Djava.awt.headless=true, -Dfile.encoding=UTF-8, -Djna.nosys=true, -Djna.tmpdir=/opt/sonarqube/temp, -XX:-OmitStackTraceInFastThrow, -Dio.netty.noUnsafe=true, -Dio.netty.noKeySetOptimization=true, -Dio.netty.recycler.maxCapacityPerThread=0, -Dio.netty.allocator.numDirectArenas=0, -Dlog4j.shutdownHookEnabled=false, -Dlog4j2.disable.jmx=true, -Dlog4j2.formatMsgNoLookups=true, -Djava.locale.providers=COMPAT, -Des.enforce.bootstrap.checks=true, -Xmx512m, -Xms512m, -XX:MaxDirectMemorySize=256m, -XX:+HeapDumpOnOutOfMemoryError, -Des.path.home=/opt/sonarqube/elasticsearch, -Des.path.conf=/opt/sonarqube/temp/conf/es, -Des.distribution.flavor=default, -Des.distribution.type=tar, -Des.bundled_jdk=false]
2022.11.16 13:19:52 INFO  es[][o.e.p.PluginsService] loaded module [analysis-common]
2022.11.16 13:19:52 INFO  es[][o.e.p.PluginsService] loaded module [lang-painless]
2022.11.16 13:19:52 INFO  es[][o.e.p.PluginsService] loaded module [parent-join]
2022.11.16 13:19:52 INFO  es[][o.e.p.PluginsService] loaded module [transport-netty4]
2022.11.16 13:19:52 INFO  es[][o.e.p.PluginsService] no plugins loaded
2022.11.16 13:19:52 INFO  es[][o.e.e.NodeEnvironment] using [1] data paths, mounts [[/opt/sonarqube/data (C:\)]], net usable_space [379.7gb], net total_space [476.3gb], types [9p]
2022.11.16 13:19:52 INFO  es[][o.e.e.NodeEnvironment] heap size [512mb], compressed ordinary object pointers [true]
2022.11.16 13:19:52 INFO  es[][o.e.n.Node] node name [sonarqube], node ID [qeyb4rKTRR6KB3k3Hcz5Yw], cluster name [sonarqube], roles [data_frozen, master, remote_cluster_client, data, data_content, data_hot, data_warm, data_cold, ingest]
2022.11.16 13:19:57 INFO  es[][o.e.t.NettyAllocator] creating NettyAllocator with the following configs: [name=unpooled, suggested_max_allocation_size=256kb, factors={es.unsafe.use_unpooled_allocator=null, g1gc_enabled=true, g1gc_region_size=1mb, heap_size=512mb}]
2022.11.16 13:19:57 INFO  es[][o.e.d.DiscoveryModule] using discovery type [zen] and seed hosts providers [settings]
2022.11.16 13:19:57 INFO  es[][o.e.g.DanglingIndicesState] gateway.auto_import_dangling_indices is disabled, dangling indices will not be automatically detected or imported and must be managed manually
2022.11.16 13:19:57 INFO  es[][o.e.n.Node] initialized
2022.11.16 13:19:57 INFO  es[][o.e.n.Node] starting ...
2022.11.16 13:19:58 INFO  es[][o.e.t.TransportService] publish_address {127.0.0.1:42745}, bound_addresses {127.0.0.1:42745}
2022.11.16 13:19:58 INFO  es[][o.e.b.BootstrapChecks] explicitly enforcing bootstrap checks
2022.11.16 13:19:58 ERROR es[][o.e.b.Bootstrap] node validation exception
[1] bootstrap checks failed. You must address the points described in the following [1] lines before starting Elasticsearch.
bootstrap check failure [1] of [1]: max virtual memory areas vm.max_map_count [65530] is too low, increase to at least [262144]
2022.11.16 13:19:58 INFO  es[][o.e.n.Node] stopping ...
2022.11.16 13:19:58 INFO  es[][o.e.n.Node] stopped
2022.11.16 13:19:58 INFO  es[][o.e.n.Node] closing ...
2022.11.16 13:19:58 INFO  es[][o.e.n.Node] closed
2022.11.16 13:20:12 INFO  es[][o.e.n.Node] version[7.16.2], pid[38], build[default/tar/2b937c44140b6559905130a8650c64dbd0879cfb/2021-12-18T19:42:46.604893745Z], OS[Linux/5.10.102.1-microsoft-standard-WSL2/amd64], JVM[Eclipse Adoptium/OpenJDK 64-Bit Server VM/11.0.13/11.0.13+8]
2022.11.16 13:20:12 INFO  es[][o.e.n.Node] JVM home [/opt/java/openjdk]
2022.11.16 13:20:12 INFO  es[][o.e.n.Node] JVM arguments [-XX:+UseG1GC, -Djava.io.tmpdir=/opt/sonarqube/temp, -XX:ErrorFile=../logs/es_hs_err_pid%p.log, -Des.networkaddress.cache.ttl=60, -Des.networkaddress.cache.negative.ttl=10, -XX:+AlwaysPreTouch, -Xss1m, -Djava.awt.headless=true, -Dfile.encoding=UTF-8, -Djna.nosys=true, -Djna.tmpdir=/opt/sonarqube/temp, -XX:-OmitStackTraceInFastThrow, -Dio.netty.noUnsafe=true, -Dio.netty.noKeySetOptimization=true, -Dio.netty.recycler.maxCapacityPerThread=0, -Dio.netty.allocator.numDirectArenas=0, -Dlog4j.shutdownHookEnabled=false, -Dlog4j2.disable.jmx=true, -Dlog4j2.formatMsgNoLookups=true, -Djava.locale.providers=COMPAT, -Des.enforce.bootstrap.checks=true, -Xmx512m, -Xms512m, -XX:MaxDirectMemorySize=256m, -XX:+HeapDumpOnOutOfMemoryError, -Des.path.home=/opt/sonarqube/elasticsearch, -Des.path.conf=/opt/sonarqube/temp/conf/es, -Des.distribution.flavor=default, -Des.distribution.type=tar, -Des.bundled_jdk=false]
2022.11.16 13:20:12 INFO  es[][o.e.p.PluginsService] loaded module [analysis-common]
2022.11.16 13:20:12 INFO  es[][o.e.p.PluginsService] loaded module [lang-painless]
2022.11.16 13:20:12 INFO  es[][o.e.p.PluginsService] loaded module [parent-join]
2022.11.16 13:20:12 INFO  es[][o.e.p.PluginsService] loaded module [transport-netty4]
2022.11.16 13:20:12 INFO  es[][o.e.p.PluginsService] no plugins loaded
2022.11.16 13:20:13 INFO  es[][o.e.e.NodeEnvironment] using [1] data paths, mounts [[/opt/sonarqube/data (C:\)]], net usable_space [379.7gb], net total_space [476.3gb], types [9p]
2022.11.16 13:20:13 INFO  es[][o.e.e.NodeEnvironment] heap size [512mb], compressed ordinary object pointers [true]
2022.11.16 13:20:13 INFO  es[][o.e.n.Node] node name [sonarqube], node ID [qeyb4rKTRR6KB3k3Hcz5Yw], cluster name [sonarqube], roles [data_frozen, master, remote_cluster_client, data, data_content, data_hot, data_warm, data_cold, ingest]
2022.11.16 13:20:16 INFO  es[][o.e.t.NettyAllocator] creating NettyAllocator with the following configs: [name=unpooled, suggested_max_allocation_size=256kb, factors={es.unsafe.use_unpooled_allocator=null, g1gc_enabled=true, g1gc_region_size=1mb, heap_size=512mb}]
2022.11.16 13:20:16 INFO  es[][o.e.d.DiscoveryModule] using discovery type [zen] and seed hosts providers [settings]
2022.11.16 13:20:17 INFO  es[][o.e.g.DanglingIndicesState] gateway.auto_import_dangling_indices is disabled, dangling indices will not be automatically detected or imported and must be managed manually
2022.11.16 13:20:17 INFO  es[][o.e.n.Node] initialized
2022.11.16 13:20:17 INFO  es[][o.e.n.Node] starting ...
2022.11.16 13:20:17 INFO  es[][o.e.t.TransportService] publish_address {127.0.0.1:38299}, bound_addresses {127.0.0.1:38299}
2022.11.16 13:20:17 INFO  es[][o.e.b.BootstrapChecks] explicitly enforcing bootstrap checks
2022.11.16 13:20:17 ERROR es[][o.e.b.Bootstrap] node validation exception
[1] bootstrap checks failed. You must address the points described in the following [1] lines before starting Elasticsearch.
bootstrap check failure [1] of [1]: max virtual memory areas vm.max_map_count [65530] is too low, increase to at least [262144]
2022.11.16 13:20:17 INFO  es[][o.e.n.Node] stopping ...
2022.11.16 13:20:17 INFO  es[][o.e.n.Node] stopped
2022.11.16 13:20:17 INFO  es[][o.e.n.Node] closing ...
2022.11.16 13:20:17 INFO  es[][o.e.n.Node] closed
